<?xml version="1.0" encoding="UTF-8"?>
<!-- Generated by org.testng.reporters.JUnitXMLReporter -->
<testsuite ignored="0" hostname="EC2AMAZ-S11DBRH" failures="0" tests="8" name="ModuleOneTest" time="0.091" errors="0" timestamp="2023-11-27T12:17:08 GMT">
  <testcase classname="testScripts.SampleThree" name="four" time="0.01"/>
  <testcase classname="testScripts.SampleThree" name="one" time="0.002"/>
  <testcase classname="testScripts.SampleThree" name="three" time="0.002"/>
  <testcase classname="testScripts.SampleThree" name="two" time="0.001"/>
  <testcase classname="testScripts.SampleFour" name="sampleFour" time="0.002"/>
  <testcase classname="testScripts.SampleFour" name="sampleOne" time="0.001"/>
  <testcase classname="testScripts.SampleFour" name="sampleThree" time="0.002"/>
  <testcase classname="testScripts.SampleFour" name="sampleTwo" time="0.003"/>
</testsuite> <!-- ModuleOneTest -->
