<?xml version="1.0" encoding="UTF-8"?>
<!-- Generated by org.testng.reporters.JUnitXMLReporter -->
<testsuite ignored="0" hostname="EC2AMAZ-S11DBRH" failures="0" tests="11" name="Default test" time="0.128" errors="0" timestamp="2023-11-27T13:24:09 GMT">
  <testcase classname="parallelScripts.SampleOne" name="test1" time="0.011"/>
  <testcase classname="parallelScripts.SampleOne" name="test2" time="0.002"/>
  <testcase classname="parallelScripts.SampleOne" name="test3" time="0.002"/>
  <testcase classname="parallelScripts.SampleOne" name="test4" time="0.012"/>
  <testcase classname="parallelScripts.SampleOne" name="test4" time="0.016"/>
  <testcase classname="parallelScripts.SampleOne" name="test4" time="0.001"/>
  <testcase classname="parallelScripts.SampleOne" name="test4" time="0.024"/>
  <testcase classname="parallelScripts.SampleOne" name="test4" time="0.005"/>
  <testcase classname="parallelScripts.SampleOne" name="test4" time="0.002"/>
  <testcase classname="parallelScripts.SampleOne" name="test4" time="0.005"/>
  <testcase classname="parallelScripts.SampleOne" name="test4" time="0.013"/>
</testsuite> <!-- Default test -->
