<?xml version="1.0" encoding="UTF-8"?>
<!-- Generated by org.testng.reporters.JUnitXMLReporter -->
<testsuite ignored="2" hostname="EC2AMAZ-S11DBRH" failures="0" tests="1" name="Default test" time="4.822" errors="0" timestamp="2023-11-28T13:44:37 GMT">
  <testcase classname="testScripts.CDPTest" name="captureConsoleLogTest" time="2.447"/>
  <testcase classname="testScripts.CDPTest" name="geoLocationTest" time="0.0">
    <ignored/>
  </testcase> <!-- geoLocationTest -->
  <testcase classname="testScripts.CDPTest" name="deviceModeTest" time="0.0">
    <ignored/>
  </testcase> <!-- deviceModeTest -->
</testsuite> <!-- Default test -->
