<?xml version="1.0" encoding="UTF-8"?>
<!-- Generated by org.testng.reporters.JUnitXMLReporter -->
<testsuite ignored="0" hostname="EC2AMAZ-S11DBRH" failures="0" tests="7" name="ModuleOneTest" time="0.1" errors="0" timestamp="2023-11-27T13:14:35 GMT">
  <testcase classname="parallelScripts.SampleFour" name="test1" time="0.011"/>
  <testcase classname="parallelScripts.SampleFour" name="test2" time="0.005"/>
  <testcase classname="parallelScripts.SampleFour" name="test3" time="0.002"/>
  <testcase classname="parallelScripts.SampleFour" name="test4" time="0.003"/>
  <testcase classname="parallelScripts.SampleThree" name="test1" time="0.002"/>
  <testcase classname="parallelScripts.SampleThree" name="test2" time="0.002"/>
  <testcase classname="parallelScripts.SampleThree" name="test3" time="0.001"/>
</testsuite> <!-- ModuleOneTest -->
