<?xml version="1.0" encoding="UTF-8"?>
<!-- Generated by org.testng.reporters.JUnitXMLReporter -->
<testsuite ignored="0" hostname="EC2AMAZ-S11DBRH" failures="0" tests="3" name="ModuleTwoTest" time="0.099" errors="0" timestamp="2023-11-27T13:14:35 GMT">
  <testcase classname="parallelScripts.SampleOne" name="test1" time="0.011"/>
  <testcase classname="parallelScripts.SampleOne" name="test2" time="0.005"/>
  <testcase classname="parallelScripts.SampleOne" name="test3" time="0.012"/>
</testsuite> <!-- ModuleTwoTest -->
