<?xml version="1.0" encoding="UTF-8"?>
<!-- Generated by org.testng.reporters.JUnitXMLReporter -->
<testsuite ignored="2" hostname="EC2AMAZ-S11DBRH" failures="0" tests="2" name="Test" time="14.155" errors="0" timestamp="2023-11-27T13:46:44 GMT">
  <testcase classname="testScripts.GooglePageTest" name="seleniumSearchTest" time="4.429"/>
  <testcase classname="testScripts.GooglePageTest" name="javaSearchTest" time="1.939"/>
  <testcase classname="testScripts.GooglePageTest" name="cyPressSearchTest" time="0.0">
    <ignored/>
  </testcase> <!-- cyPressSearchTest -->
  <testcase classname="testScripts.GooglePageTest" name="appiumSearchTest" time="0.0">
    <ignored/>
  </testcase> <!-- appiumSearchTest -->
</testsuite> <!-- Test -->
