<?xml version="1.0" encoding="UTF-8"?>
<!-- Generated by org.testng.reporters.JUnitXMLReporter -->
<testsuite ignored="0" hostname="EC2AMAZ-S11DBRH" failures="0" tests="3" name="Test2" time="0.078" errors="0" timestamp="2023-11-27T13:13:43 GMT">
  <testcase classname="parallelScripts.SampleOne" name="test1" time="0.012"/>
  <testcase classname="parallelScripts.SampleOne" name="test2" time="0.004"/>
  <testcase classname="parallelScripts.SampleOne" name="test3" time="0.002"/>
</testsuite> <!-- Test2 -->
