<?xml version="1.0" encoding="UTF-8"?>
<testng-results ignored="1" total="2" passed="1" failed="0" skipped="0">
  <reporter-output>
  </reporter-output>
  <suite started-at="2023-11-24T14:17:12 GMT" name="Failed suite [Sample Suite]" finished-at="2023-11-24T14:17:19 GMT" duration-ms="6930">
    <groups>
    </groups>
    <test started-at="2023-11-24T14:17:12 GMT" name="ModuleOneTest(failed)" finished-at="2023-11-24T14:17:19 GMT" duration-ms="6930">
      <class name="testScripts.GooglePageTest">
        <test-method is-config="true" signature="setUp()[pri:0, instance:testScripts.GooglePageTest@5939a379]" started-at="2023-11-24T14:17:12 GMT" name="setUp" finished-at="2023-11-24T14:17:15 GMT" duration-ms="2384" status="PASS">
          <reporter-output>
          </reporter-output>
        </test-method> <!-- setUp -->
        <test-method signature="seleniumSearchTest()[pri:0, instance:testScripts.GooglePageTest@5939a379]" started-at="2023-11-24T14:17:15 GMT" name="seleniumSearchTest" finished-at="2023-11-24T14:17:19 GMT" duration-ms="4352" status="PASS">
          <reporter-output>
          </reporter-output>
        </test-method> <!-- seleniumSearchTest -->
        <test-method is-config="true" signature="tearDown()[pri:0, instance:testScripts.GooglePageTest@5939a379]" started-at="2023-11-24T14:17:19 GMT" name="tearDown" finished-at="2023-11-24T14:17:19 GMT" duration-ms="161" status="PASS">
          <reporter-output>
          </reporter-output>
        </test-method> <!-- tearDown -->
      </class> <!-- testScripts.GooglePageTest -->
    </test> <!-- ModuleOneTest(failed) -->
  </suite> <!-- Failed suite [Sample Suite] -->
</testng-results>
