<?xml version="1.0" encoding="UTF-8"?>
<testng-results ignored="2" total="4" passed="2" failed="0" skipped="0">
  <reporter-output>
  </reporter-output>
  <suite started-at="2023-11-27T13:46:30 GMT" name="Suite" finished-at="2023-11-27T13:46:44 GMT" duration-ms="14155">
    <groups>
    </groups>
    <test started-at="2023-11-27T13:46:30 GMT" name="Test" finished-at="2023-11-27T13:46:44 GMT" duration-ms="14155">
      <class name="testScripts.GooglePageTest">
        <test-method is-config="true" signature="setUp(java.lang.String)[pri:0, instance:testScripts.GooglePageTest@40cb8df7]" started-at="2023-11-27T13:46:30 GMT" name="setUp" finished-at="2023-11-27T13:46:37 GMT" duration-ms="7530" status="PASS">
          <params>
            <param index="0">
              <value>
                <![CDATA[Edge]]>
              </value>
            </param>
          </params>
          <reporter-output>
          </reporter-output>
        </test-method> <!-- setUp -->
        <test-method signature="seleniumSearchTest()[pri:2, instance:testScripts.GooglePageTest@40cb8df7]" started-at="2023-11-27T13:46:37 GMT" name="seleniumSearchTest" finished-at="2023-11-27T13:46:42 GMT" duration-ms="4429" status="PASS">
          <reporter-output>
          </reporter-output>
        </test-method> <!-- seleniumSearchTest -->
        <test-method signature="javaSearchTest()[pri:0, instance:testScripts.GooglePageTest@40cb8df7]" started-at="2023-11-27T13:46:42 GMT" name="javaSearchTest" finished-at="2023-11-27T13:46:44 GMT" depends-on-methods="testScripts.GooglePageTest.seleniumSearchTest" duration-ms="1939" status="PASS">
          <reporter-output>
          </reporter-output>
        </test-method> <!-- javaSearchTest -->
        <test-method is-config="true" signature="tearDown()[pri:0, instance:testScripts.GooglePageTest@40cb8df7]" started-at="2023-11-27T13:46:44 GMT" name="tearDown" finished-at="2023-11-27T13:46:44 GMT" duration-ms="206" status="PASS">
          <reporter-output>
          </reporter-output>
        </test-method> <!-- tearDown -->
      </class> <!-- testScripts.GooglePageTest -->
    </test> <!-- Test -->
  </suite> <!-- Suite -->
</testng-results>
